<?xml version="1.0" encoding="UTF-8"?>
<testng-results ignored="0" total="1" passed="1" failed="0" skipped="0">
  <reporter-output>
  </reporter-output>
  <suite started-at="2018-09-07T07:39:45Z" name="Suite" finished-at="2018-09-07T07:39:59Z" duration-ms="13869">
    <groups>
    </groups>
    <test started-at="2018-09-07T07:39:45Z" name="Test" finished-at="2018-09-07T07:39:59Z" duration-ms="13869">
      <class name="businessSuite.ShoppingBol">
        <test-method is-config="true" signature="beforeBaseMethod(java.lang.reflect.Method)[pri:0, instance:businessSuite.ShoppingBol@610f7aa]" started-at="2018-09-07T07:39:45Z" name="beforeBaseMethod" finished-at="2018-09-07T07:39:49Z" duration-ms="3951" status="PASS">
          <params>
            <param index="0">
              <value>
                <![CDATA[public void businessSuite.ShoppingBol.executeTestCase(java.lang.String,java.lang.String,java.lang.String,java.lang.String)]]>
              </value>
            </param>
          </params>
          <reporter-output>
          </reporter-output>
        </test-method> <!-- beforeBaseMethod -->
        <test-method is-config="true" signature="beforeMethod()[pri:0, instance:businessSuite.ShoppingBol@610f7aa]" started-at="2018-09-07T07:39:49Z" name="beforeMethod" finished-at="2018-09-07T07:39:49Z" duration-ms="6" status="PASS">
          <reporter-output>
          </reporter-output>
        </test-method> <!-- beforeMethod -->
        <test-method signature="executeTestCase(java.lang.String, java.lang.String, java.lang.String, java.lang.String)[pri:1, instance:businessSuite.ShoppingBol@610f7aa]" started-at="2018-09-07T07:39:49Z" name="executeTestCase" finished-at="2018-09-07T07:39:58Z" duration-ms="9209" status="PASS">
          <params>
            <param index="0">
              <value>
                <![CDATA[https://www.bol.com]]>
              </value>
            </param>
            <param index="1">
              <value>
                <![CDATA[kawarkanchan@yahoo.com]]>
              </value>
            </param>
            <param index="2">
              <value>
                <![CDATA[Sanket1986!]]>
              </value>
            </param>
            <param index="3">
              <value>
                <![CDATA[Google Chromecast - Media Streamer]]>
              </value>
            </param>
          </params>
          <reporter-output>
          </reporter-output>
        </test-method> <!-- executeTestCase -->
        <test-method is-config="true" signature="afterBaseMethod()[pri:0, instance:businessSuite.ShoppingBol@610f7aa]" started-at="2018-09-07T07:39:58Z" name="afterBaseMethod" finished-at="2018-09-07T07:39:59Z" duration-ms="681" status="PASS">
          <reporter-output>
          </reporter-output>
        </test-method> <!-- afterBaseMethod -->
      </class> <!-- businessSuite.ShoppingBol -->
    </test> <!-- Test -->
  </suite> <!-- Suite -->
</testng-results>
